<?xml version="1.0" encoding="UTF-8"?>
<testsuite xmlns:xsi="http://www.w3.org/2001/XMLSchema-instance" xsi:noNamespaceSchemaLocation="https://maven.apache.org/surefire/maven-surefire-plugin/xsd/surefire-test-report.xsd" name="org.gobcan.cursoformacion.testprueba.AppTest" time="0.154" tests="5" errors="0" skipped="0" failures="1">
  <properties>
[...]
</properties>
  <testcase name="shouldAnswerWithTrue" classname="org.gobcan.cursoformacion.testprueba.AppTest" time="0.007"/>
  <testcase name="pruebaDeSumaTest1" classname="org.gobcan.cursoformacion.testprueba.AppTest" time="0.004"/>
  <testcase name="pruebaDeSumaTest2" classname="org.gobcan.cursoformacion.testprueba.AppTest" time="0.001"/>
  <testcase name="pruebaDeSumaTest3" classname="org.gobcan.cursoformacion.testprueba.AppTest" time="0.006"/>
  <testcase name="pruebaDeSumaTest4" classname="org.gobcan.cursoformacion.testprueba.AppTest" time="0.014">
    <failure message="La suma ha dejado de ser correcta expected:&lt;-1&gt; but was:&lt;0&gt;" type="java.lang.AssertionError"><![CDATA[java.lang.AssertionError: La suma ha dejado de ser correcta expected:<-1> but was:<0>
	at org.gobcan.cursoformacion.testprueba.AppTest.pruebaDeSumaTest4(AppTest.java:52)
]]></failure>
  </testcase>
</testsuite>